Arguments: 
  /usr/local/bin/node /opt/homebrew/Cellar/yarn/1.22.19/libexec/bin/yarn.js import

PATH: 
  /opt/homebrew/bin:/opt/homebrew/sbin:/usr/local/bin:/usr/bin:/bin:/usr/sbin:/sbin:/Library/Apple/usr/bin:/Users/tung/bin:/Users/tung/bin

Yarn version: 
  1.22.19

Node version: 
  16.15.1

Platform: 
  darwin arm64

Trace: 
  Error: https://registry.yarnpkg.com/@krystal-js%2fweb-bridge: Not found
      at Request.params.callback [as _callback] (/opt/homebrew/Cellar/yarn/1.22.19/libexec/lib/cli.js:66145:18)
      at Request.self.callback (/opt/homebrew/Cellar/yarn/1.22.19/libexec/lib/cli.js:140890:22)
      at Request.emit (node:events:527:28)
      at Request.<anonymous> (/opt/homebrew/Cellar/yarn/1.22.19/libexec/lib/cli.js:141862:10)
      at Request.emit (node:events:527:28)
      at IncomingMessage.<anonymous> (/opt/homebrew/Cellar/yarn/1.22.19/libexec/lib/cli.js:141784:12)
      at Object.onceWrapper (node:events:641:28)
      at IncomingMessage.emit (node:events:539:35)
      at endReadableNT (node:internal/streams/readable:1345:12)
      at processTicksAndRejections (node:internal/process/task_queues:83:21)

npm manifest: 
  {
      "name": "root",
      "private": true,
      "workspaces": [
        "packages/*"
      ],
      "scripts": {
        "clean": "yarn workspaces foreach --include=\"@krystal-js/*\" -ptv run clean",
        "build": "yarn workspaces foreach --include=\"@krystal-js/*\" -ptv run build",
        "bundle": "yarn workspaces foreach --include=\"@krystal-js/*\" -pv run bundle"
      },
      "devDependencies": {
        "@typescript-eslint/eslint-plugin": "^4.25.0",
        "@typescript-eslint/parser": "^4.25.0",
        "eslint": "^7.27.0",
        "eslint-config-prettier": "^8.3.0",
        "eslint-plugin-prettier": "^3.4.0",
        "prettier": "^2.3.1"
      }
    }

yarn manifest: 
  No manifest

Lockfile: 
  No lockfile
