Arguments: 
  /usr/local/bin/node /usr/local/lib/node_modules/yarn/lib/cli.js run

PATH: 
  /opt/homebrew/bin:/opt/homebrew/sbin:/usr/local/bin:/usr/bin:/bin:/usr/sbin:/sbin:/Library/Apple/usr/bin:/Users/tung/bin:/Users/tung/bin

Yarn version: 
  1.22.19

Node version: 
  16.15.1

Platform: 
  darwin arm64

Trace: 
  SyntaxError: /Users/tung/Data/krystal/krystal-js/packages/package.json: Unexpected end of JSON input
      at JSON.parse (<anonymous>)
      at /usr/local/lib/node_modules/yarn/lib/cli.js:1629:59
      at Generator.next (<anonymous>)
      at step (/usr/local/lib/node_modules/yarn/lib/cli.js:310:30)
      at /usr/local/lib/node_modules/yarn/lib/cli.js:321:13

npm manifest: 
  {
      "name": "@krystal-js/common",
      "version": "0.0.1",
      "description": "Common package for krystal-js",
      "main": "dist/index.js",
      "types": "dist/index.d.js",
      "license": "MIT",
      "scripts": {
        "build": "tsc",
        "bundle": "webpack --mode production",
        "prepublish": "yarn run clean && yarn run build && yarn run bundle",
        "clean": "rimraf dist && rimraf bundle"
      },
      "keywords": [
        "krystal",
        "js"
      ],
      "files": [
        "dist/**/*",
        "bundle/**/*"
      ],
      "devDependencies": {
        "rimraf": "^3.0.2",
        "ts-loader": "^9.2.2",
        "typescript": "^4.3.2",
        "webpack": "^5.38.1",
        "webpack-cli": "^4.7.0"
      }
    }

yarn manifest: 
  No manifest

Lockfile: 
  No lockfile
